# JRE version: OpenJDK Runtime Environment (17.0.11) (build 17.0.11+0--11852314)
# Java VM: OpenJDK 64-Bit Server VM (17.0.11+0--11852314, mixed mode, tiered, compressed oops, compressed class ptrs, g1 gc, windows-amd64)
GC Precious Log:
 CPUs: 8 total, 8 available
 Memory: 8025M
 Large Page Support: Disabled
 NUMA Support: Disabled
 Compressed Oops: Enabled (32-bit)
 Heap Region Size: 1M
 Heap Min Capacity: 8M
 Heap Initial Capacity: 126M
 Heap Max Capacity: 2G
 Pre-touch: Disabled
 Parallel Workers: 8
 Concurrent Workers: 2
 Concurrent Refinement Workers: 8
 Periodic GC: Disabled
Heap:
 garbage-first heap   total 91136K, used 59028K [0x0000000080000000, 0x0000000100000000)
  region size 1024K, 5 young (5120K), 4 survivors (4096K)
 Metaspace       used 50248K, committed 50752K, reserved 1114112K
  class space    used 6793K, committed 6976K, reserved 1048576K
GC Heap History (20 events):
Event: 7.221 GC heap before
{Heap before GC invocations=5 (full 0):
 garbage-first heap   total 71680K, used 50898K [0x0000000080000000, 0x0000000100000000)
  region size 1024K, 31 young (31744K), 2 survivors (2048K)
 Metaspace       used 30560K, committed 30848K, reserved 1114112K
  class space    used 4050K, committed 4160K, reserved 1048576K
}
Event: 7.227 GC heap after
{Heap after GC invocations=6 (full 0):
 garbage-first heap   total 71680K, used 22974K [0x0000000080000000, 0x0000000100000000)
  region size 1024K, 4 young (4096K), 4 survivors (4096K)
 Metaspace       used 30560K, committed 30848K, reserved 1114112K
  class space    used 4050K, committed 4160K, reserved 1048576K
}
Event: 8.832 GC heap before
{Heap before GC invocations=6 (full 0):
 garbage-first heap   total 71680K, used 48574K [0x0000000080000000, 0x0000000100000000)
  region size 1024K, 20 young (20480K), 4 survivors (4096K)
 Metaspace       used 32265K, committed 32576K, reserved 1114112K
  class space    used 4357K, committed 4480K, reserved 1048576K
}
Event: 8.837 GC heap after
{Heap after GC invocations=7 (full 0):
 garbage-first heap   total 71680K, used 38327K [0x0000000080000000, 0x0000000100000000)
  region size 1024K, 4 young (4096K), 4 survivors (4096K)
 Metaspace       used 32265K, committed 32576K, reserved 1114112K
  class space    used 4357K, committed 4480K, reserved 1048576K
}
Event: 9.298 GC heap before
{Heap before GC invocations=8 (full 0):
 garbage-first heap   total 71680K, used 55735K [0x0000000080000000, 0x0000000100000000)
  region size 1024K, 20 young (20480K), 4 survivors (4096K)
 Metaspace       used 34401K, committed 34816K, reserved 1114112K
  class space    used 4698K, committed 4864K, reserved 1048576K
}
Event: 9.302 GC heap after
{Heap after GC invocations=9 (full 0):
 garbage-first heap   total 71680K, used 40283K [0x0000000080000000, 0x0000000100000000)
  region size 1024K, 1 young (1024K), 1 survivors (1024K)
 Metaspace       used 34401K, committed 34816K, reserved 1114112K
  class space    used 4698K, committed 4864K, reserved 1048576K
}
Event: 9.673 GC heap before
{Heap before GC invocations=9 (full 0):
 garbage-first heap   total 71680K, used 55643K [0x0000000080000000, 0x0000000100000000)
  region size 1024K, 16 young (16384K), 1 survivors (1024K)
 Metaspace       used 36169K, committed 36544K, reserved 1114112K
  class space    used 4987K, committed 5120K, reserved 1048576K
}
Event: 9.676 GC heap after
{Heap after GC invocations=10 (full 0):
 garbage-first heap   total 71680K, used 40993K [0x0000000080000000, 0x0000000100000000)
  region size 1024K, 2 young (2048K), 2 survivors (2048K)
 Metaspace       used 36169K, committed 36544K, reserved 1114112K
  class space    used 4987K, committed 5120K, reserved 1048576K
}
Event: 10.066 GC heap before
{Heap before GC invocations=11 (full 0):
 garbage-first heap   total 73728K, used 56353K [0x0000000080000000, 0x0000000100000000)
  region size 1024K, 17 young (17408K), 2 survivors (2048K)
 Metaspace       used 38425K, committed 38848K, reserved 1114112K
  class space    used 5344K, committed 5568K, reserved 1048576K
}
Event: 10.069 GC heap after
{Heap after GC invocations=12 (full 0):
 garbage-first heap   total 73728K, used 41580K [0x0000000080000000, 0x0000000100000000)
  region size 1024K, 2 young (2048K), 2 survivors (2048K)
 Metaspace       used 38425K, committed 38848K, reserved 1114112K
  class space    used 5344K, committed 5568K, reserved 1048576K
}
Event: 10.515 GC heap before
{Heap before GC invocations=12 (full 0):
 garbage-first heap   total 73728K, used 56940K [0x0000000080000000, 0x0000000100000000)
  region size 1024K, 18 young (18432K), 2 survivors (2048K)
 Metaspace       used 41373K, committed 41728K, reserved 1114112K
  class space    used 5669K, committed 5824K, reserved 1048576K
}
Event: 10.519 GC heap after
{Heap after GC invocations=13 (full 0):
 garbage-first heap   total 73728K, used 43328K [0x0000000080000000, 0x0000000100000000)
  region size 1024K, 3 young (3072K), 3 survivors (3072K)
 Metaspace       used 41373K, committed 41728K, reserved 1114112K
  class space    used 5669K, committed 5824K, reserved 1048576K
}
Event: 10.847 GC heap before
{Heap before GC invocations=14 (full 0):
 garbage-first heap   total 75776K, used 57664K [0x0000000080000000, 0x0000000100000000)
  region size 1024K, 18 young (18432K), 3 survivors (3072K)
 Metaspace       used 44643K, committed 45056K, reserved 1114112K
  class space    used 6037K, committed 6208K, reserved 1048576K
}
Event: 10.853 GC heap after
{Heap after GC invocations=15 (full 0):
 garbage-first heap   total 91136K, used 45329K [0x0000000080000000, 0x0000000100000000)
  region size 1024K, 2 young (2048K), 2 survivors (2048K)
 Metaspace       used 44643K, committed 45056K, reserved 1114112K
  class space    used 6037K, committed 6208K, reserved 1048576K
}
Event: 11.014 GC heap before
{Heap before GC invocations=15 (full 0):
 garbage-first heap   total 91136K, used 65809K [0x0000000080000000, 0x0000000100000000)
  region size 1024K, 23 young (23552K), 2 survivors (2048K)
 Metaspace       used 45170K, committed 45568K, reserved 1114112K
  class space    used 6085K, committed 6272K, reserved 1048576K
}
Event: 11.018 GC heap after
{Heap after GC invocations=16 (full 0):
 garbage-first heap   total 91136K, used 47028K [0x0000000080000000, 0x0000000100000000)
  region size 1024K, 4 young (4096K), 4 survivors (4096K)
 Metaspace       used 45170K, committed 45568K, reserved 1114112K
  class space    used 6085K, committed 6272K, reserved 1048576K
}
Event: 11.655 GC heap before
{Heap before GC invocations=17 (full 0):
 garbage-first heap   total 91136K, used 76724K [0x0000000080000000, 0x0000000100000000)
  region size 1024K, 28 young (28672K), 4 survivors (4096K)
 Metaspace       used 48671K, committed 49152K, reserved 1114112K
  class space    used 6528K, committed 6720K, reserved 1048576K
}
Event: 11.663 GC heap after
{Heap after GC invocations=18 (full 0):
 garbage-first heap   total 91136K, used 48251K [0x0000000080000000, 0x0000000100000000)
  region size 1024K, 2 young (2048K), 2 survivors (2048K)
 Metaspace       used 48671K, committed 49152K, reserved 1114112K
  class space    used 6528K, committed 6720K, reserved 1048576K
}
Event: 12.698 GC heap before
{Heap before GC invocations=18 (full 0):
 garbage-first heap   total 91136K, used 65659K [0x0000000080000000, 0x0000000100000000)
  region size 1024K, 21 young (21504K), 2 survivors (2048K)
 Metaspace       used 50242K, committed 50688K, reserved 1114112K
  class space    used 6793K, committed 6976K, reserved 1048576K
}
Event: 12.703 GC heap after
{Heap after GC invocations=19 (full 0):
 garbage-first heap   total 91136K, used 50836K [0x0000000080000000, 0x0000000100000000)
  region size 1024K, 4 young (4096K), 4 survivors (4096K)
 Metaspace       used 50242K, committed 50688K, reserved 1114112K
  class space    used 6793K, committed 6976K, reserved 1048576K
}

